Log file open, 02/15/18 15:50:24
LogWindows: Failed to load 'aqProf.dll' (GetLastError=126)
LogWindows: File 'aqProf.dll' does not exist
LogWindows: Failed to load 'VSPerf140.dll' (GetLastError=126)
LogWindows: File 'VSPerf140.dll' does not exist
LogWindows: Failed to load 'VtuneApi.dll' (GetLastError=126)
LogWindows: File 'VtuneApi.dll' does not exist
LogWindows: Failed to load 'VtuneApi32e.dll' (GetLastError=126)
LogWindows: File 'VtuneApi32e.dll' does not exist
LogInit: Display: Running engine for game: AsteroidRush
LogPlatformFile: Not using cached read wrapper
LogInit: Display: RandInit(-961171047) SRandInit(-961171047).
LogTaskGraph: Started task graph with 5 named threads and 8 total threads with 3 sets of task threads.
LogStats: Stats thread started at 0.117780
LogD3D11RHI: Aftermath initialized
LogPluginManager: Mounting plugin Paper2D
LogPluginManager: Mounting plugin LightPropagationVolume
LogPluginManager: Mounting plugin CodeLiteSourceCodeAccess
LogPluginManager: Mounting plugin GitSourceControl
LogPluginManager: Mounting plugin KDevelopSourceCodeAccess
LogPluginManager: Mounting plugin NullSourceCodeAccess
LogPluginManager: Mounting plugin PerforceSourceControl
LogPluginManager: Mounting plugin SubversionSourceControl
LogPluginManager: Mounting plugin UObjectPlugin
LogPluginManager: Mounting plugin VisualStudioSourceCodeAccess
LogPluginManager: Mounting plugin XCodeSourceCodeAccess
LogPluginManager: Mounting plugin AssetManagerEditor
LogPluginManager: Mounting plugin AudioCapture
LogPluginManager: Mounting plugin FacialAnimation
LogPluginManager: Mounting plugin GameplayTagsEditor
LogPluginManager: Mounting plugin MobileLauncherProfileWizard
LogPluginManager: Mounting plugin PluginBrowser
LogPluginManager: Mounting plugin SpeedTreeImporter
LogPluginManager: Mounting plugin AlembicImporter
LogPluginManager: Mounting plugin CharacterAI
LogPluginManager: Mounting plugin HTML5Networking
LogPluginManager: Mounting plugin AndroidMedia
LogPluginManager: Mounting plugin AvfMedia
LogPluginManager: Mounting plugin MediaPlayerEditor
LogPluginManager: Mounting plugin WmfMedia
LogPluginManager: Mounting plugin TcpMessaging
LogPluginManager: Mounting plugin UdpMessaging
LogPluginManager: Mounting plugin LevelSequenceEditor
LogPluginManager: Mounting plugin MatineeToLevelSequence
LogPluginManager: Mounting plugin OnlineSubsystemGooglePlay
LogPluginManager: Mounting plugin OnlineSubsystemIOS
LogPluginManager: Mounting plugin OnlineSubsystem
LogPluginManager: Mounting plugin OnlineSubsystemNull
LogPluginManager: Mounting plugin OnlineSubsystemUtils
LogPluginManager: Mounting plugin AndroidDeviceProfileSelector
LogPluginManager: Mounting plugin AndroidMoviePlayer
LogPluginManager: Mounting plugin AndroidPermission
LogPluginManager: Mounting plugin AppleMoviePlayer
LogPluginManager: Mounting plugin ArchVisCharacter
LogPluginManager: Mounting plugin CableComponent
LogPluginManager: Mounting plugin CustomMeshComponent
LogPluginManager: Mounting plugin ExampleDeviceProfileSelector
LogPluginManager: Mounting plugin GoogleCloudMessaging
LogPluginManager: Mounting plugin ImmediatePhysics
LogPluginManager: Mounting plugin IOSDeviceProfileSelector
LogPluginManager: Mounting plugin LinuxDeviceProfileSelector
LogPluginManager: Mounting plugin LocationServicesBPLibrary
LogPluginManager: Mounting plugin MobilePatchingUtils
LogPluginManager: Mounting plugin OculusVR
LogPluginManager: Mounting plugin PhysXVehicles
LogPluginManager: Mounting plugin ProceduralMeshComponent
LogPluginManager: Mounting plugin RuntimePhysXCooking
LogPluginManager: Mounting plugin SteamVR
LogPluginManager: Mounting plugin WindowsMoviePlayer
LogInit: Using libcurl 7.47.1
LogInit:  - built for x86_64-pc-win32
LogInit:  - supports SSL with OpenSSL/1.0.2g
LogInit:  - supports HTTP deflate (compression) using libz 1.2.8
LogInit:  - other features:
LogInit:      CURL_VERSION_SSL
LogInit:      CURL_VERSION_LIBZ
LogInit:      CURL_VERSION_IPV6
LogInit:      CURL_VERSION_ASYNCHDNS
LogInit:      CURL_VERSION_LARGEFILE
LogInit:      CURL_VERSION_IDN
LogInit:  CurlRequestOptions (configurable via config and command line):
LogInit:  - bVerifyPeer = false  - Libcurl will NOT verify peer certificate
LogInit:  - bUseHttpProxy = false  - Libcurl will NOT use HTTP proxy
LogInit:  - bDontReuseConnections = false  - Libcurl will reuse connections
LogInit:  - CertBundlePath = nullptr  - Libcurl will use whatever was configured at build time.
LogInit: Build: ++UE4+Release-4.17-CL-3658906
LogInit: Engine Version: 4.17.2-3658906+++UE4+Release-4.17
LogInit: Compatible Engine Version: 4.17.0-3573198+++UE4+Release-4.17
LogInit: Net CL: 3573198
LogDevObjectVersion: Number of dev versions registered: 16
LogDevObjectVersion:   Dev-Blueprints (B0D832E4-1F89-4F0D-ACCF-7EB736FD4AA2): 10
LogDevObjectVersion:   Dev-Build (E1C64328-A22C-4D53-A36C-8E866417BD8C): 0
LogDevObjectVersion:   Dev-Core (375EC13C-06E4-48FB-B500-84F0262A717E): 2
LogDevObjectVersion:   Dev-Editor (E4B068ED-F494-42E9-A231-DA0B2E46BB41): 20
LogDevObjectVersion:   Dev-Framework (CFFC743F-43B0-4480-9391-14DF171D2073): 28
LogDevObjectVersion:   Dev-Mobile (B02B49B5-BB20-44E9-A304-32B752E40360): 0
LogDevObjectVersion:   Dev-Networking (A4E4105C-59A1-49B5-A7C5-40C4547EDFEE): 0
LogDevObjectVersion:   Dev-Online (39C831C9-5AE6-47DC-9A44-9C173E1C8E7C): 0
LogDevObjectVersion:   Dev-Physics (78F01B33-EBEA-4F98-B9B4-84EACCB95AA2): 0
LogDevObjectVersion:   Dev-Platform (6631380F-2D4D-43E0-8009-CF276956A95A): 0
LogDevObjectVersion:   Dev-Rendering (12F88B9F-8875-4AFC-A67C-D90C383ABD29): 19
LogDevObjectVersion:   Dev-Sequencer (7B5AE74C-D270-4C10-A958-57980B212A5A): 4
LogDevObjectVersion:   Dev-VR (D7296918-1DD6-4BDD-9DE2-64A83CC13884): 0
LogDevObjectVersion:   Dev-LoadTimes (C2A15278-BFE7-4AFE-6C17-90FF531DF755): 1
LogDevObjectVersion:   Private-Geometry (6EACA3D4-40EC-4CC1-B786-8BED09428FC5): 1
LogDevObjectVersion:   Dev-AnimPhys (29E575DD-E0A3-4627-9D10-D276232CDCEA): 7
LogInit: Compiled (64-bit): Sep 22 2017 13:47:16
LogInit: Compiled with Visual C++: 19.00.24215.01
LogInit: Build Configuration: Development
LogInit: Branch Name: ++UE4+Release-4.17
LogInit: Command line: -EpicPortal 
LogInit: Base directory: D:/UNREAL Engine/UE_4.17/Engine/Binaries/Win64/
LogInit: Installed Engine Build: 1
LogInit: Presizing for max 8388607 objects, including 0 objects not considered by GC, pre-allocating 0 bytes for permanent pool.
LogInit: Object subsystem initialized
[2018.02.15-10.20.25:178][  0]LogInit: Selected Device Profile: [Windows]
[2018.02.15-10.20.25:178][  0]LogInit: Applying CVar settings loaded from the selected device profile: [Windows]
[2018.02.15-10.20.25:196][  0]LogInit: Computer: SAMARTH-PC
[2018.02.15-10.20.25:196][  0]LogInit: User: SAMARTH
[2018.02.15-10.20.25:196][  0]LogInit: CPU Page size=4096, Cores=2
[2018.02.15-10.20.25:196][  0]LogInit: High frequency timer resolution =2.343747 MHz
[2018.02.15-10.20.25:197][  0]LogMemory: Memory total: Physical=7.9GB (8GB approx)
[2018.02.15-10.20.25:197][  0]LogMemory: Platform Memory Stats for Windows
[2018.02.15-10.20.25:197][  0]LogMemory: Process Physical Memory: 279.28 MB used, 279.28 MB peak
[2018.02.15-10.20.25:197][  0]LogMemory: Process Virtual Memory: 275.80 MB used, 275.80 MB peak
[2018.02.15-10.20.25:197][  0]LogMemory: Physical Memory: 4165.08 MB used,  3955.28 MB free, 8120.36 MB total
[2018.02.15-10.20.25:197][  0]LogMemory: Virtual Memory: 705.44 MB used,  3955.28 MB free, 134217728.00 MB total
[2018.02.15-10.20.25:349][  0]LogInit: Using OS detected language (en-US).
[2018.02.15-10.20.25:350][  0]LogInit: Using OS detected locale (en-IN).
[2018.02.15-10.20.25:354][  0]LogTextLocalizationManager: No specific localization for 'en-US' exists, so the 'en' localization will be used.
[2018.02.15-10.20.26:227][  0]LogD3D11RHI: D3D11 adapters:
[2018.02.15-10.20.26:281][  0]LogD3D11RHI:    0. 'NVIDIA GeForce 940M' (Feature Level 11_0)
[2018.02.15-10.20.26:281][  0]LogD3D11RHI:       2020/0/4060 MB DedicatedVideo/DedicatedSystem/SharedSystem, Outputs:1, VendorId:0x10de
[2018.02.15-10.20.26:286][  0]LogD3D11RHI:    1. 'Intel(R) HD Graphics 5500' (Feature Level 11_0)
[2018.02.15-10.20.26:286][  0]LogD3D11RHI:       128/0/4060 MB DedicatedVideo/DedicatedSystem/SharedSystem, Outputs:0, VendorId:0x8086
[2018.02.15-10.20.26:288][  0]LogD3D11RHI:    2. 'Microsoft Basic Render Driver' (Feature Level 11_0)
[2018.02.15-10.20.26:288][  0]LogD3D11RHI:       0/0/4060 MB DedicatedVideo/DedicatedSystem/SharedSystem, Outputs:0, VendorId:0x1414
[2018.02.15-10.20.26:288][  0]LogD3D11RHI: Chosen D3D11 Adapter: 0
[2018.02.15-10.20.26:295][  0]LogD3D11RHI: Creating new Direct3DDevice
[2018.02.15-10.20.26:295][  0]LogD3D11RHI:     GPU DeviceId: 0x1347 (for the marketing name, search the web for "GPU Device Id")
[2018.02.15-10.20.26:295][  0]LogWindows: EnumDisplayDevices:
[2018.02.15-10.20.26:296][  0]LogWindows:    0. 'Intel(R) HD Graphics 5500' (P:1 D:1)
[2018.02.15-10.20.26:296][  0]LogWindows:    1. 'Intel(R) HD Graphics 5500' (P:0 D:0)
[2018.02.15-10.20.26:296][  0]LogWindows:    2. 'Intel(R) HD Graphics 5500' (P:0 D:0)
[2018.02.15-10.20.26:296][  0]LogWindows: DebugString: GetVideoDriverDetailsInvalid PrimaryIsNotTheChoosenAdapter GetVideoDriverDetailsInvalid PrimaryIsNotTheChoosenAdapter GetVideoDriverDetailsInvalid PrimaryIsNotTheChoosenAdapter FoundDriverCount:0 
[2018.02.15-10.20.26:296][  0]LogD3D11RHI:     Adapter Name: NVIDIA GeForce 940M
[2018.02.15-10.20.26:296][  0]LogD3D11RHI:   Driver Version: Unknown (internal:Unknown, unified:Unknown)
[2018.02.15-10.20.26:296][  0]LogD3D11RHI:      Driver Date: Unknown
[2018.02.15-10.20.26:296][  0]LogRHI: Texture pool is 1361 MB (70% of 1945 MB)
[2018.02.15-10.20.26:344][  0]LogD3D11RHI: Async texture creation enabled
[2018.02.15-10.20.26:357][  0]LogD3D11RHI: GPU Timing Frequency: 1000.000000 (Debug: 2 1)
[2018.02.15-10.20.26:358][  0]LogShaderCompilers: Guid format shader working directory is 7 characters bigger than the processId version (../../../../Unreal Projects/AsteroidRush/Intermediate/Shaders/WorkingDirectory/10184/).
[2018.02.15-10.20.26:358][  0]LogShaderCompilers: Cleaned the shader compiler working directory 'C:/Users/SAMARTH/AppData/Local/Temp/UnrealShaderWorkingDir/4868466744BED92418955AB5F22D8483/'.
[2018.02.15-10.20.26:358][  0]LogShaderCompilers: Display: Using Local Shader Compiler.
[2018.02.15-10.20.30:366][  0]LogTemp: Display: Loaded TP AllDesktopTargetPlatform
[2018.02.15-10.20.30:412][  0]LogTemp: Display: Loaded TP MacClientTargetPlatform
[2018.02.15-10.20.30:463][  0]LogTemp: Display: Loaded TP MacNoEditorTargetPlatform
[2018.02.15-10.20.30:512][  0]LogTemp: Display: Loaded TP MacServerTargetPlatform
[2018.02.15-10.20.30:561][  0]LogTemp: Display: Loaded TP MacTargetPlatform
[2018.02.15-10.20.30:613][  0]LogTemp: Display: Loaded TP WindowsClientTargetPlatform
[2018.02.15-10.20.30:663][  0]LogTemp: Display: Loaded TP WindowsNoEditorTargetPlatform
[2018.02.15-10.20.30:718][  0]LogTemp: Display: Loaded TP WindowsServerTargetPlatform
[2018.02.15-10.20.30:763][  0]LogTemp: Display: Loaded TP WindowsTargetPlatform
[2018.02.15-10.20.30:814][  0]LogTemp: Display: Loaded TP AndroidTargetPlatform
[2018.02.15-10.20.30:869][  0]LogTemp: Display: Loaded TP Android_ASTCTargetPlatform
[2018.02.15-10.20.30:920][  0]LogTemp: Display: Loaded TP Android_ATCTargetPlatform
[2018.02.15-10.20.30:975][  0]LogTemp: Display: Loaded TP Android_DXTTargetPlatform
[2018.02.15-10.20.31:033][  0]LogTemp: Display: Loaded TP Android_ETC1TargetPlatform
[2018.02.15-10.20.31:086][  0]LogTemp: Display: Loaded TP Android_ETC2TargetPlatform
[2018.02.15-10.20.31:191][  0]LogTemp: Display: Loaded TP Android_MultiTargetPlatform
[2018.02.15-10.20.31:191][  0]LogTemp: Display: Loaded TP Android_PVRTCTargetPlatform
[2018.02.15-10.20.31:231][  0]LogTemp: Display: Loaded TP HTML5TargetPlatform
[2018.02.15-10.20.31:324][  0]LogTemp: Display: Loaded TP IOSTargetPlatform
[2018.02.15-10.20.31:359][  0]LogTemp: Display: Loaded TP TVOSTargetPlatform
[2018.02.15-10.20.31:421][  0]LogTemp: Display: Loaded TP LinuxClientTargetPlatform
[2018.02.15-10.20.31:472][  0]LogTemp: Display: Loaded TP LinuxNoEditorTargetPlatform
[2018.02.15-10.20.31:522][  0]LogTemp: Display: Loaded TP LinuxServerTargetPlatform
[2018.02.15-10.20.31:576][  0]LogTemp: Display: Loaded TP LinuxTargetPlatform
[2018.02.15-10.20.31:576][  0]LogTargetPlatformManager: Display: Building Assets For Windows
[2018.02.15-10.20.32:020][  0]LogDerivedDataCache: Display: Max Cache Size: 512 MB
[2018.02.15-10.20.32:141][  0]LogDerivedDataCache: Loaded boot cache 0.12s 93MB C:/Users/SAMARTH/AppData/Local/UnrealEngine/4.17/DerivedDataCache/Boot.ddc.
[2018.02.15-10.20.32:142][  0]LogDerivedDataCache: Display: Loaded Boot cache: C:/Users/SAMARTH/AppData/Local/UnrealEngine/4.17/DerivedDataCache/Boot.ddc
[2018.02.15-10.20.32:142][  0]LogDerivedDataCache: FDerivedDataBackendGraph:  Pak pak cache file ../../../../Unreal Projects/AsteroidRush/DerivedDataCache/DDC.ddp not found, will not use a pak cache.
[2018.02.15-10.20.32:142][  0]LogDerivedDataCache: Unable to find inner node Pak for hierarchical cache Hierarchy.
[2018.02.15-10.20.32:142][  0]LogDerivedDataCache: FDerivedDataBackendGraph:  CompressedPak pak cache file ../../../../Unreal Projects/AsteroidRush/DerivedDataCache/Compressed.ddp not found, will not use a pak cache.
[2018.02.15-10.20.32:142][  0]LogDerivedDataCache: Unable to find inner node CompressedPak for hierarchical cache Hierarchy.
[2018.02.15-10.20.32:162][  0]LogDerivedDataCache: Display: Pak cache opened for reading ../../../Engine/DerivedDataCache/Compressed.ddp.
[2018.02.15-10.20.32:175][  0]LogDerivedDataCache: Using Local data cache path C:/Users/SAMARTH/AppData/Local/UnrealEngine/Common/DerivedDataCache: Writable
[2018.02.15-10.20.32:188][  0]LogMaterial: Verifying Global Shaders for PCD3D_SM5
[2018.02.15-10.20.32:188][  0]LogSlate: Using Freetype 2.6.0
[2018.02.15-10.20.32:189][  0]LogSlate: SlateFontCache - WITH_FREETYPE: 1, WITH_HARFBUZZ: 1
[2018.02.15-10.20.32:189][  0]LogSlate: SlateFontCache - WITH_FREETYPE: 1, WITH_HARFBUZZ: 1
[2018.02.15-10.20.32:522][  0]LogAssetRegistry: FAssetRegistry took 0.0277 seconds to start up
[2018.02.15-10.20.32:666][  0]LogInit: Selected Device Profile: [Windows]
[2018.02.15-10.20.33:037][  0]LogSimplygon: Simplygon DLL not present - disabling.
[2018.02.15-10.20.33:077][  0]LogMeshReduction: Using SimplygonSwarm for distributed automatic mesh merging
[2018.02.15-10.20.33:077][  0]LogMeshReduction: Using QuadricMeshReduction for automatic static mesh reduction
[2018.02.15-10.20.33:077][  0]LogMeshReduction: No automatic skeletal mesh reduction module available
[2018.02.15-10.20.33:077][  0]LogMeshReduction: No automatic mesh merging module available
[2018.02.15-10.20.33:077][  0]LogMeshMerging: No automatic mesh merging module available
[2018.02.15-10.20.33:079][  0]LogContentStreaming: Texture pool size is 0.00 MB
[2018.02.15-10.20.33:633][  0]LogNetVersion: AsteroidRush , NetCL: 3573198, EngineNetVer: 2, GameNetVer: 0 (Checksum: 3768261938)
[2018.02.15-10.20.33:866][  0]LogPackageLocalizationCache: Processed 5 localized package path(s) for 2 prioritized culture(s) in 0.058997 seconds
[2018.02.15-10.20.33:873][  0]LogUObjectArray: 35825 objects as part of root set at end of initial load.
[2018.02.15-10.20.33:873][  0]LogUObjectAllocator: 7529112 out of 0 bytes used by permanent object pool.
[2018.02.15-10.20.33:873][  0]LogUObjectArray: CloseDisregardForGC: 0/0 objects in disregard for GC pool
[2018.02.15-10.20.33:924][  0]LogInit: WinSock: version 1.1 (2.2), MaxSocks=32767, MaxUdp=65467
[2018.02.15-10.20.36:604][  0]LogTcpMessaging: Initializing TcpMessaging bridge
[2018.02.15-10.20.36:638][  0]LogUdpMessaging: Initializing bridge on interface 0.0.0.0:0 to multicast group 230.0.0.1:6666.
[2018.02.15-10.20.37:234][  0]LogMaterial: Uniform references updated for custom material expression Custom.
[2018.02.15-10.20.37:632][  0]SourceControl: Source control is disabled
[2018.02.15-10.20.37:632][  0]SourceControl: Source control is disabled
[2018.02.15-10.20.37:675][  0]SourceControl: Source control is disabled
[2018.02.15-10.20.37:716][  0]SourceControl: Source control is disabled
[2018.02.15-10.20.38:218][  0]LogAndroidPermission: UAndroidPermissionCallbackProxy::GetInstance
[2018.02.15-10.20.38:420][  0]LogOcInput: OculusInput pre-init called
[2018.02.15-10.20.38:666][  0]LogEngine: Initializing Engine...
[2018.02.15-10.20.38:668][  0]LogHMD: Failed to initialize OpenVR with code 110
[2018.02.15-10.20.38:931][  0]LogStats: UGameplayTagsManager::ConstructGameplayTagTree: Construct from data asset -  0.000 s
[2018.02.15-10.20.38:931][  0]LogStats: UGameplayTagsManager::ConstructGameplayTagTree: GameplayTagTreeChangedEvent.Broadcast -  0.000 s
[2018.02.15-10.20.39:052][  0]LogAIModule: Creating AISystem for world Untitled
[2018.02.15-10.20.39:059][  0]LogInit: XAudio2 using 'Speaker/HP (Realtek High Definition Audio)' : 2 channels at 48 kHz using 32 bits per sample (channel mask 0x3)
[2018.02.15-10.20.39:290][  0]LogInit: FAudioDevice initialized.
[2018.02.15-10.20.43:947][  0]LogDerivedDataCache: Saved boot cache 4.66s 93MB C:/Users/SAMARTH/AppData/Local/UnrealEngine/4.17/DerivedDataCache/Boot.ddc.
[2018.02.15-10.20.43:968][  0]LogInit: Texture streaming: Enabled
[2018.02.15-10.20.44:067][  0]LogEngineSessionManager: EngineSessionManager initialized
[2018.02.15-10.20.44:277][  0]LogInit: Transaction tracking system initialized
[2018.02.15-10.20.44:550][  0]BlueprintLog: New page: Editor Load
[2018.02.15-10.20.45:357][  0]LocalizationService: Localization service is disabled
[2018.02.15-10.20.46:122][  0]LogConsoleResponse: Display: 
[2018.02.15-10.20.46:342][  0]LogCook: Display: Max memory allowance for cook 16384mb min free memory 0mb
[2018.02.15-10.20.46:342][  0]LogCook: Display: Mobile HDR setting 1
[2018.02.15-10.20.46:342][  0]LogGameplayTags: Display: UGameplayTagsManager::DoneAddingNativeTags. DelegateIsBound: 0
[2018.02.15-10.20.46:580][  0]LogFileCache: Scanning file cache for directory 'D:/UNREAL Engine/Unreal Projects/AsteroidRush/Content/' took 0.02s
[2018.02.15-10.20.47:276][  0]SourceControl: Source control is disabled
[2018.02.15-10.20.47:276][  0]Cmd: MAP LOAD FILE="../../../../Unreal Projects/AsteroidRush/Saved/Untitled_3.umap" TEMPLATE=0 SHOWPROGRESS=1 FEATURELEVEL=3
[2018.02.15-10.20.47:276][  0]LogEditorServer: Warning: Can't find file '../../../../Unreal Projects/AsteroidRush/Saved/Untitled_3.umap'
[2018.02.15-10.20.47:276][  0]Cmd: MAP CHECKDEP NOCLEARLOG
[2018.02.15-10.20.47:320][  0]MapCheck: Map check complete: 0 Error(s), 0 Warning(s), took 44.017ms to complete.
[2018.02.15-10.20.47:320][  0]LogFileHelpers: Loading map 'Untitled_3' took 0.044
[2018.02.15-10.20.47:386][  0]LogWindowsTextInputMethodSystem: Display: IME system now deactivated.
[2018.02.15-10.20.47:556][  0]LogCollectionManager: Loaded 0 collections in 0.001015 seconds
[2018.02.15-10.20.47:630][  0]LogFileCache: Scanning file cache for directory 'D:/UNREAL Engine/Unreal Projects/AsteroidRush/Saved/Collections/' took 0.01s
[2018.02.15-10.20.47:630][  0]LogFileCache: Scanning file cache for directory 'D:/UNREAL Engine/Unreal Projects/AsteroidRush/Content/Developers/SAMARTH/Collections/' took 0.01s
[2018.02.15-10.20.47:630][  0]LogFileCache: Scanning file cache for directory 'D:/UNREAL Engine/Unreal Projects/AsteroidRush/Content/Collections/' took 0.01s
[2018.02.15-10.20.47:630][  0]LogCollectionManager: Rebuilt the GUID cache for 0 collections in 0.000000 seconds
[2018.02.15-10.20.47:641][  0]LogContentBrowser: Native class hierarchy populated in 0.0107 seconds. Added 2386 classes and 500 folders.
[2018.02.15-10.20.47:701][  0]LogContentBrowser: Native class hierarchy updated for 'WidgetCarousel' in 0.0007 seconds. Added 0 classes and 0 folders.
[2018.02.15-10.20.49:089][  0]LogContentBrowser: Native class hierarchy updated for 'AddContentDialog' in 0.0008 seconds. Added 0 classes and 0 folders.
[2018.02.15-10.20.49:133][  0]LogContentBrowser: Native class hierarchy updated for 'SceneOutliner' in 0.0007 seconds. Added 1 classes and 2 folders.
[2018.02.15-10.20.49:161][  0]LogSlate: Took 0.000551 seconds to synchronously load lazily loaded font '../../../Engine/Content/Slate/Fonts/Roboto-Regular.ttf' (155K)
[2018.02.15-10.20.49:166][  0]LogSlate: Took 0.000503 seconds to synchronously load lazily loaded font '../../../Engine/Content/Slate/Fonts/Roboto-Bold.ttf' (160K)
[2018.02.15-10.20.49:201][  0]LogSlate: Took 0.021532 seconds to synchronously load lazily loaded font '../../../Engine/Content/Editor/Slate/Fonts/FontAwesome.ttf' (139K)
[2018.02.15-10.20.49:530][  0]LogContentBrowser: Native class hierarchy updated for 'HierarchicalLODOutliner' in 0.0007 seconds. Added 1 classes and 2 folders.
[2018.02.15-10.20.49:530][  0]LogLoad: (Engine Initialization) Total time: 25.92 seconds
[2018.02.15-10.20.49:530][  0]LogLoad: (Engine Initialization) Total Blueprint compile time: 0.00 seconds
[2018.02.15-10.20.49:531][  0]LogExternalProfiler: No external profilers were discovered.  External profiling features will not be available.
[2018.02.15-10.20.49:566][  0]LogContentStreaming: Texture pool size now 1000 MB
[2018.02.15-10.20.49:710][  1]LogAssetRegistry: Asset discovery search completed in 17.2107 seconds
[2018.02.15-10.20.49:712][  1]LogCollectionManager: Rebuilt the object cache for 0 collections in 0.000000 seconds (found 0 objects)
[2018.02.15-10.20.49:712][  1]LogCollectionManager: Fixed up redirectors for 0 collections in 0.000051 seconds (updated 0 objects)
[2018.02.15-10.20.49:760][  2]LogRenderer: Reallocating scene render targets to support 964x344 Format 10 NumSamples 1 (Frame:1).
[2018.02.15-10.20.51:749][ 41]LogSlate: Took 1.180689 seconds to synchronously load lazily loaded font '../../../Engine/Content/Slate/Fonts/Roboto-Light.ttf' (159K)
[2018.02.15-10.21.11:894][235]LogSlate: Took 0.000216 seconds to synchronously load lazily loaded font '../../../Engine/Content/Slate/Fonts/Roboto-Light.ttf' (159K)
[2018.02.15-10.21.12:161][235]LogContentBrowser: Native class hierarchy updated for 'SkeletonEditor' in 0.0010 seconds. Added 1 classes and 2 folders.
[2018.02.15-10.21.12:374][235]LogActorComponent: RegisterComponentWithWorld: (/Engine/Transient.World_0:PersistentLevel.Actor_0.DebugSkelMeshComponent_0) Already registered. Aborting.
[2018.02.15-10.21.12:431][235]LogSkeletalMesh: USkeletalMeshComponent::InitArticulated : Bodies already created (/Engine/Transient.World_0:PersistentLevel.Actor_0.DebugSkelMeshComponent_0) - call TermArticulated first.
[2018.02.15-10.21.12:744][235]LogSlate: Took 0.000352 seconds to synchronously load lazily loaded font '../../../Engine/Content/Slate/Fonts/Roboto-Regular.ttf' (155K)
[2018.02.15-10.21.13:141][235]LogContentBrowser: Native class hierarchy updated for 'ClothingSystemEditorInterface' in 0.0010 seconds. Added 1 classes and 0 folders.
[2018.02.15-10.21.13:155][235]LogRenderer: Reallocating scene render targets to support 964x420 Format 10 NumSamples 1 (Frame:1).
[2018.02.15-10.21.13:155][235]LogContentBrowser: Verbose: The majority of assets in the view are of type: AnimSequence
[2018.02.15-10.21.16:156][343]LogActorComponent: RegisterComponentWithWorld: (/Engine/Transient.World_6:PersistentLevel.Actor_1.DebugSkelMeshComponent_2) Already registered. Aborting.
[2018.02.15-10.21.16:618][343]LogContentBrowser: Native class hierarchy updated for 'BlueprintGraph' in 0.0010 seconds. Added 113 classes and 0 folders.
[2018.02.15-10.21.17:458][343]LogSkeletalMesh: USkeletalMeshComponent::InitArticulated : Bodies already created (/Engine/Transient.World_6:PersistentLevel.Actor_1.DebugSkelMeshComponent_2) - call TermArticulated first.
[2018.02.15-10.21.17:821][343]LogSlate: Took 0.018883 seconds to synchronously load lazily loaded font '../../../Engine/Content/Editor/Slate/Fonts/Roboto-BoldCondensed.ttf' (158K)
[2018.02.15-10.21.49:596][844]LogHttp: Warning: 0000026D1B4C3400: request failed, libcurl error: 6 (Couldn't resolve host name)
[2018.02.15-10.21.49:596][844]LogHttp: Warning: 0000026D1B4C3400: libcurl info message cache 0 (Could not resolve host: datarouter.ol.epicgames.com)
[2018.02.15-10.21.49:596][844]LogHttp: Warning: 0000026D1B4C3400: libcurl info message cache 1 (Closing connection 0)
[2018.02.15-10.22.10:995][112]LogSlate: Took 0.194326 seconds to synchronously load lazily loaded font '../../../Engine/Content/Editor/Slate/Fonts/Roboto-Italic.ttf' (157K)
[2018.02.15-10.23.03:905][283]LogTemp: Repeating last play command: Selected Viewport
[2018.02.15-10.23.04:025][283]LogPlayLevel: PlayLevel: No blueprints needed recompiling
[2018.02.15-10.23.04:026][283]PIE: New page: PIE session: Untitled_0 (15-Feb-2018 9:23:04 pm)
[2018.02.15-10.23.04:026][283]LogPlayLevel: Creating play world package: /Temp/UEDPIE_0_Untitled_0
[2018.02.15-10.23.04:027][283]LogPlayLevel: PIE: StaticDuplicateObject took: (0.000807s)
[2018.02.15-10.23.04:028][283]LogAIModule: Creating AISystem for world Untitled
[2018.02.15-10.23.04:028][283]LogPlayLevel: PIE: World Init took: (0.001152s)
[2018.02.15-10.23.04:028][283]LogPlayLevel: PIE: Created PIE world by copying editor world from /Temp/Untitled_0.Untitled to /Temp/UEDPIE_0_Untitled_0.Untitled (0.002369s)
[2018.02.15-10.23.04:061][283]LogInit: XAudio2 using 'Speaker/HP (Realtek High Definition Audio)' : 2 channels at 48 kHz using 32 bits per sample (channel mask 0x3)
[2018.02.15-10.23.04:073][283]LogInit: FAudioDevice initialized.
[2018.02.15-10.23.04:841][283]LogLoad: Game class is 'RunGameMode_C'
[2018.02.15-10.23.04:844][283]LogWorld: Bringing World /Temp/UEDPIE_0_Untitled_0.Untitled up for play (max tick rate 60) at 2018.02.15-15.53.04
[2018.02.15-10.23.04:844][283]LogWorld: Bringing up level for play took: 0.001246
[2018.02.15-10.23.04:845][283]LogGameMode: FindPlayerStart: PATHS NOT DEFINED or NO PLAYERSTART with positive rating
[2018.02.15-10.23.04:886][283]LogContentBrowser: Native class hierarchy updated for 'MovieSceneCapture' in 0.0008 seconds. Added 11 classes and 0 folders.
[2018.02.15-10.23.04:912][283]PIE: Play in editor start time for /Temp/UEDPIE_0_Untitled_0 0.778
[2018.02.15-10.23.04:938][283]LogRenderer: Reallocating scene render targets to support 1292x756 Format 10 NumSamples 1 (Frame:1).
[2018.02.15-10.23.17:027][737]LogAIModule: Creating AISystem for world AsteroidRush
[2018.02.15-10.23.17:080][737]Cmd: MAP LOAD FILE="../../../../Unreal Projects/AsteroidRush/Content/AsteroidRush.umap" TEMPLATE=0 SHOWPROGRESS=1 FEATURELEVEL=3
[2018.02.15-10.23.17:080][737]LightingResults: New page: Lighting Build
[2018.02.15-10.23.17:120][737]LogContentBrowser: Native class hierarchy updated for 'StatsViewer' in 0.0008 seconds. Added 5 classes and 0 folders.
[2018.02.15-10.23.17:121][737]LoadErrors: New page: Loading map: AsteroidRush.umap
[2018.02.15-10.23.17:121][737]MapCheck: New page: Map Check
[2018.02.15-10.23.17:121][737]LightingResults: New page: Lighting Build
[2018.02.15-10.23.17:155][737]LogEditorServer: Finished looking for orphan Actors (0.000 secs)
[2018.02.15-10.23.17:221][737]Cmd: MAP CHECKDEP NOCLEARLOG
[2018.02.15-10.23.17:276][737]MapCheck: Map check complete: 0 Error(s), 0 Warning(s), took 55.186ms to complete.
[2018.02.15-10.23.17:277][737]LogFileHelpers: Loading map 'AsteroidRush' took 0.198
[2018.02.15-10.23.20:824][943]LogTemp: Repeating last play command: Selected Viewport
[2018.02.15-10.23.20:847][943]LogPlayLevel: PlayLevel: No blueprints needed recompiling
[2018.02.15-10.23.20:847][943]PIE: New page: PIE session: AsteroidRush (15-Feb-2018 9:23:20 pm)
[2018.02.15-10.23.20:847][943]LogPlayLevel: Creating play world package: /Game/UEDPIE_0_AsteroidRush
[2018.02.15-10.23.20:850][943]LogPlayLevel: PIE: StaticDuplicateObject took: (0.002253s)
[2018.02.15-10.23.20:851][943]LogAIModule: Creating AISystem for world AsteroidRush
[2018.02.15-10.23.20:851][943]LogPlayLevel: PIE: World Init took: (0.000851s)
[2018.02.15-10.23.20:851][943]LogPlayLevel: PIE: Created PIE world by copying editor world from /Game/AsteroidRush.AsteroidRush to /Game/UEDPIE_0_AsteroidRush.AsteroidRush (0.003560s)
[2018.02.15-10.23.20:877][943]LogInit: XAudio2 using 'Speaker/HP (Realtek High Definition Audio)' : 2 channels at 48 kHz using 32 bits per sample (channel mask 0x3)
[2018.02.15-10.23.20:887][943]LogInit: FAudioDevice initialized.
[2018.02.15-10.23.20:921][943]LogLoad: Game class is 'RunGameMode_C'
[2018.02.15-10.23.20:923][943]LogWorld: Bringing World /Game/UEDPIE_0_AsteroidRush.AsteroidRush up for play (max tick rate 60) at 2018.02.15-15.53.20
[2018.02.15-10.23.20:923][943]LogWorld: Bringing up level for play took: 0.001190
[2018.02.15-10.23.20:942][943]PIE: Play in editor start time for /Game/UEDPIE_0_AsteroidRush 0.807
[2018.02.15-10.23.48:723][397]LogCharacterMovement: RunCharacter_C_0 is stuck and failed to move! Velocity: X=3560.31 Y=123.44 Z=0.00 Location: X=104997.91 Y=316.68 Z=101.01 Normal: X=-0.13 Y=0.99 Z=-0.08 PenetrationDepth:0.159 Actor:NODE_AddChildActorComponent-0_Block_BP_C_CAT_115 Component:rock BoneName:None (0 other events since notify)
[2018.02.15-10.23.49:634][433]LogHttp: Warning: 0000026C8763F700: request failed, libcurl error: 6 (Couldn't resolve host name)
[2018.02.15-10.23.49:634][433]LogHttp: Warning: 0000026C8763F700: libcurl info message cache 0 (Could not resolve host: datarouter.ol.epicgames.com)
[2018.02.15-10.23.49:634][433]LogHttp: Warning: 0000026C8763F700: libcurl info message cache 1 (Closing connection 1)
[2018.02.15-10.23.59:161][860]LogTemp: Repeating last play command: Selected Viewport
[2018.02.15-10.23.59:187][860]LogPlayLevel: PlayLevel: No blueprints needed recompiling
[2018.02.15-10.23.59:187][860]PIE: New page: PIE session: AsteroidRush (15-Feb-2018 9:23:59 pm)
[2018.02.15-10.23.59:187][860]LogPlayLevel: Creating play world package: /Game/UEDPIE_0_AsteroidRush
[2018.02.15-10.23.59:189][860]LogPlayLevel: PIE: StaticDuplicateObject took: (0.001989s)
[2018.02.15-10.23.59:190][860]LogAIModule: Creating AISystem for world AsteroidRush
[2018.02.15-10.23.59:191][860]LogPlayLevel: PIE: World Init took: (0.001589s)
[2018.02.15-10.23.59:191][860]LogPlayLevel: PIE: Created PIE world by copying editor world from /Game/AsteroidRush.AsteroidRush to /Game/UEDPIE_0_AsteroidRush.AsteroidRush (0.003971s)
[2018.02.15-10.23.59:220][860]LogInit: XAudio2 using 'Speaker/HP (Realtek High Definition Audio)' : 2 channels at 48 kHz using 32 bits per sample (channel mask 0x3)
[2018.02.15-10.23.59:232][860]LogInit: FAudioDevice initialized.
[2018.02.15-10.23.59:276][860]LogLoad: Game class is 'RunGameMode_C'
[2018.02.15-10.23.59:277][860]LogWorld: Bringing World /Game/UEDPIE_0_AsteroidRush.AsteroidRush up for play (max tick rate 60) at 2018.02.15-15.53.59
[2018.02.15-10.23.59:278][860]LogWorld: Bringing up level for play took: 0.001286
[2018.02.15-10.23.59:305][860]PIE: Play in editor start time for /Game/UEDPIE_0_AsteroidRush -0.829
[2018.02.15-10.25.49:679][655]LogHttp: Warning: 0000026D36929F00: request failed, libcurl error: 6 (Couldn't resolve host name)
[2018.02.15-10.25.49:679][655]LogHttp: Warning: 0000026D36929F00: libcurl info message cache 0 (Could not resolve host: datarouter.ol.epicgames.com)
[2018.02.15-10.25.49:679][655]LogHttp: Warning: 0000026D36929F00: libcurl info message cache 1 (Closing connection 2)
[2018.02.15-10.27.49:728][628]LogHttp: Warning: 0000026C9C862B00: request failed, libcurl error: 6 (Couldn't resolve host name)
[2018.02.15-10.27.49:728][628]LogHttp: Warning: 0000026C9C862B00: libcurl info message cache 0 (Could not resolve host: datarouter.ol.epicgames.com)
[2018.02.15-10.27.49:728][628]LogHttp: Warning: 0000026C9C862B00: libcurl info message cache 1 (Closing connection 3)
[2018.02.15-10.29.50:371][208]LogHttp: Warning: 0000026D0EE94A00: request failed, libcurl error: 6 (Couldn't resolve host name)
[2018.02.15-10.29.50:371][208]LogHttp: Warning: 0000026D0EE94A00: libcurl info message cache 0 (Could not resolve host: datarouter.ol.epicgames.com)
[2018.02.15-10.29.50:371][208]LogHttp: Warning: 0000026D0EE94A00: libcurl info message cache 1 (Closing connection 4)
[2018.02.15-10.31.50:707][569]LogHttp: Warning: 0000026D0EE96800: request failed, libcurl error: 6 (Couldn't resolve host name)
[2018.02.15-10.31.50:707][569]LogHttp: Warning: 0000026D0EE96800: libcurl info message cache 0 (Could not resolve host: datarouter.ol.epicgames.com)
[2018.02.15-10.31.50:707][569]LogHttp: Warning: 0000026D0EE96800: libcurl info message cache 1 (Closing connection 5)
[2018.02.15-10.33.51:041][930]LogHttp: Warning: 0000026D0EE96380: request failed, libcurl error: 6 (Couldn't resolve host name)
[2018.02.15-10.33.51:041][930]LogHttp: Warning: 0000026D0EE96380: libcurl info message cache 0 (Could not resolve host: datarouter.ol.epicgames.com)
[2018.02.15-10.33.51:041][930]LogHttp: Warning: 0000026D0EE96380: libcurl info message cache 1 (Closing connection 6)
[2018.02.15-10.34.15:829][  3]LogFileHelpers: Editor autosave (incl. sublevels) for '/Game/AsteroidRush' took 0.037
[2018.02.15-10.34.15:832][  3]OBJ SavePackage: Generating thumbnails for [1] asset(s) in package [/Game/Mannequin/Animations/ThirdPerson_AnimBP] ([1] browsable assets)...
[2018.02.15-10.34.15:898][  3]OBJ SavePackage:     Rendered thumbnail for [AnimBlueprint /Game/Mannequin/Animations/ThirdPerson_AnimBP.ThirdPerson_AnimBP]
[2018.02.15-10.34.15:898][  3]OBJ SavePackage: Finished generating thumbnails for package [/Game/Mannequin/Animations/ThirdPerson_AnimBP]
[2018.02.15-10.34.17:779][  3]LogSavePackage: Save=145.45ms
[2018.02.15-10.34.17:779][  3]LogSavePackage: Moving '../../../../Unreal Projects/AsteroidRush/Saved/ThirdPerson_AnimBP_Auto1900643D149309DF1EB9BA5816D2DA893.tmp' to '../../../../Unreal Projects/AsteroidRush/Saved/Autosaves/Game/Mannequin/Animations/ThirdPerson_AnimBP_Auto1.uasset'
[2018.02.15-10.34.17:780][  3]LogSavePackage: Display: Finished SavePackage ../../../../Unreal Projects/AsteroidRush/Saved/Autosaves/Game/Mannequin/Animations/ThirdPerson_AnimBP_Auto1.uasset
[2018.02.15-10.34.17:780][  3]LogFileHelpers: Auto-saving content packages took 1.949
[2018.02.15-10.35.51:461][286]LogHttp: Warning: 0000026D0E566980: request failed, libcurl error: 6 (Couldn't resolve host name)
[2018.02.15-10.35.51:461][286]LogHttp: Warning: 0000026D0E566980: libcurl info message cache 0 (Could not resolve host: datarouter.ol.epicgames.com)
[2018.02.15-10.35.51:461][286]LogHttp: Warning: 0000026D0E566980: libcurl info message cache 1 (Closing connection 7)
[2018.02.15-10.37.51:795][647]LogHttp: Warning: 0000026D0D380700: request failed, libcurl error: 6 (Couldn't resolve host name)
[2018.02.15-10.37.51:795][647]LogHttp: Warning: 0000026D0D380700: libcurl info message cache 0 (Could not resolve host: datarouter.ol.epicgames.com)
[2018.02.15-10.37.51:795][647]LogHttp: Warning: 0000026D0D380700: libcurl info message cache 1 (Closing connection 8)
[2018.02.15-10.39.52:129][  8]LogHttp: Warning: 0000026D0FA85D80: request failed, libcurl error: 6 (Couldn't resolve host name)
[2018.02.15-10.39.52:129][  8]LogHttp: Warning: 0000026D0FA85D80: libcurl info message cache 0 (Could not resolve host: datarouter.ol.epicgames.com)
[2018.02.15-10.39.52:129][  8]LogHttp: Warning: 0000026D0FA85D80: libcurl info message cache 1 (Closing connection 9)
[2018.02.15-10.41.39:281][462]LogTemp: Repeating last play command: Selected Viewport
[2018.02.15-10.41.39:303][462]BlueprintLog: New page: Pre-Play auto-recompile
[2018.02.15-10.41.39:314][462]LogPlayLevel: [PlayLevel] Compiling ThirdPerson_AnimBP before play...
[2018.02.15-10.41.39:686][462]LogBlueprint: Warning: [Compiler ThirdPerson_AnimBP] Idle/Run to crouch  will never be taken, please connect something to  Can Enter Transition
[2018.02.15-10.41.39:692][462]LogBlueprint: Warning: [Compiler ThirdPerson_AnimBP] [1276.08] Compile of ThirdPerson_AnimBP successful, but with 1 Warning(s) [in 378 ms] (/Game/Mannequin/Animations/ThirdPerson_AnimBP.ThirdPerson_AnimBP)
[2018.02.15-10.41.39:843][462]LogPlayLevel: PlayLevel: Blueprint regeneration took 539 ms (1 blueprints)
[2018.02.15-10.41.39:843][462]PIE: New page: PIE session: AsteroidRush (15-Feb-2018 9:41:39 pm)
[2018.02.15-10.41.39:843][462]LogPlayLevel: Creating play world package: /Game/UEDPIE_0_AsteroidRush
[2018.02.15-10.41.39:846][462]LogPlayLevel: PIE: StaticDuplicateObject took: (0.002207s)
[2018.02.15-10.41.39:847][462]LogAIModule: Creating AISystem for world AsteroidRush
[2018.02.15-10.41.39:847][462]LogPlayLevel: PIE: World Init took: (0.001662s)
[2018.02.15-10.41.39:848][462]LogPlayLevel: PIE: Created PIE world by copying editor world from /Game/AsteroidRush.AsteroidRush to /Game/UEDPIE_0_AsteroidRush.AsteroidRush (0.004282s)
[2018.02.15-10.41.39:877][462]LogInit: XAudio2 using 'Speaker/HP (Realtek High Definition Audio)' : 2 channels at 48 kHz using 32 bits per sample (channel mask 0x3)
[2018.02.15-10.41.39:890][462]LogInit: FAudioDevice initialized.
[2018.02.15-10.41.39:930][462]LogLoad: Game class is 'RunGameMode_C'
[2018.02.15-10.41.39:931][462]LogWorld: Bringing World /Game/UEDPIE_0_AsteroidRush.AsteroidRush up for play (max tick rate 60) at 2018.02.15-16.11.39
[2018.02.15-10.41.39:932][462]LogWorld: Bringing up level for play took: 0.001522
[2018.02.15-10.41.39:958][462]PIE: Play in editor start time for /Game/UEDPIE_0_AsteroidRush -0.176
[2018.02.15-10.41.40:033][463]LogCharacterMovement: Warning: GetSimulationTimeStep() - Max iterations 8 hit while remaining time 0.073853 > MaxSimulationTimeStep (0.050) for 'RunCharacter_C_0', movement 'Walking'
[2018.02.15-10.41.52:164][814]LogHttp: Warning: 0000026D38AFC580: request failed, libcurl error: 6 (Couldn't resolve host name)
[2018.02.15-10.41.52:164][814]LogHttp: Warning: 0000026D38AFC580: libcurl info message cache 0 (Could not resolve host: datarouter.ol.epicgames.com)
[2018.02.15-10.41.52:164][814]LogHttp: Warning: 0000026D38AFC580: libcurl info message cache 1 (Closing connection 10)
[2018.02.15-10.41.59:575][193]LogPlayLevel: PlayLevel: No blueprints needed recompiling
[2018.02.15-10.41.59:575][193]PIE: New page: SIE session: AsteroidRush (15-Feb-2018 9:41:59 pm)
[2018.02.15-10.41.59:575][193]LogPlayLevel: Creating play world package: /Game/UEDPIE_0_AsteroidRush
[2018.02.15-10.41.59:577][193]LogPlayLevel: PIE: StaticDuplicateObject took: (0.002158s)
[2018.02.15-10.41.59:579][193]LogAIModule: Creating AISystem for world AsteroidRush
[2018.02.15-10.41.59:579][193]LogPlayLevel: PIE: World Init took: (0.001622s)
[2018.02.15-10.41.59:579][193]LogPlayLevel: PIE: Created PIE world by copying editor world from /Game/AsteroidRush.AsteroidRush to /Game/UEDPIE_0_AsteroidRush.AsteroidRush (0.004236s)
[2018.02.15-10.41.59:609][193]LogInit: XAudio2 using 'Speaker/HP (Realtek High Definition Audio)' : 2 channels at 48 kHz using 32 bits per sample (channel mask 0x3)
[2018.02.15-10.41.59:624][193]LogInit: FAudioDevice initialized.
[2018.02.15-10.41.59:658][193]LogLoad: Game class is 'RunGameMode_C'
[2018.02.15-10.41.59:660][193]LogWorld: Bringing World /Game/UEDPIE_0_AsteroidRush.AsteroidRush up for play (max tick rate 60) at 2018.02.15-16.11.59
[2018.02.15-10.41.59:660][193]LogWorld: Bringing up level for play took: 0.001142
[2018.02.15-10.41.59:676][193]PIE: Play in editor start time for /Game/UEDPIE_0_AsteroidRush -0.458
[2018.02.15-10.42.26:378][731]LogTemp: Repeating last play command: Simulate
[2018.02.15-10.42.26:425][731]LogPlayLevel: PlayLevel: No blueprints needed recompiling
[2018.02.15-10.42.26:425][731]PIE: New page: SIE session: AsteroidRush (15-Feb-2018 9:42:26 pm)
[2018.02.15-10.42.26:425][731]LogPlayLevel: Creating play world package: /Game/UEDPIE_0_AsteroidRush
[2018.02.15-10.42.26:428][731]LogPlayLevel: PIE: StaticDuplicateObject took: (0.002699s)
[2018.02.15-10.42.26:429][731]LogAIModule: Creating AISystem for world AsteroidRush
[2018.02.15-10.42.26:429][731]LogPlayLevel: PIE: World Init took: (0.001451s)
[2018.02.15-10.42.26:430][731]LogPlayLevel: PIE: Created PIE world by copying editor world from /Game/AsteroidRush.AsteroidRush to /Game/UEDPIE_0_AsteroidRush.AsteroidRush (0.004593s)
[2018.02.15-10.42.26:473][731]LogInit: XAudio2 using 'Speaker/HP (Realtek High Definition Audio)' : 2 channels at 48 kHz using 32 bits per sample (channel mask 0x3)
[2018.02.15-10.42.26:488][731]LogInit: FAudioDevice initialized.
[2018.02.15-10.42.26:529][731]LogLoad: Game class is 'RunGameMode_C'
[2018.02.15-10.42.26:531][731]LogWorld: Bringing World /Game/UEDPIE_0_AsteroidRush.AsteroidRush up for play (max tick rate 60) at 2018.02.15-16.12.26
[2018.02.15-10.42.26:532][731]LogWorld: Bringing up level for play took: 0.001521
[2018.02.15-10.42.26:554][731]PIE: Play in editor start time for /Game/UEDPIE_0_AsteroidRush 0.42
[2018.02.15-10.42.52:125][553]LogCharacterMovement: RunCharacter_C_0 is stuck and failed to move! Velocity: X=102.40 Y=0.00 Z=0.00 Location: X=86989.22 Y=452.79 Z=101.73 Normal: X=-0.71 Y=-0.10 Z=-0.70 PenetrationDepth:43.695 Actor:NODE_AddChildActorComponent-0_Block_BP_C_CAT_95 Component:rock BoneName:None (0 other events since notify)
[2018.02.15-10.43.06:825][597]LogCharacterMovement: RunCharacter_C_0 is stuck and failed to move! Velocity: X=1431.39 Y=4.17 Z=0.00 Location: X=144021.67 Y=452.35 Z=103.15 Normal: X=-0.90 Y=0.37 Z=-0.25 PenetrationDepth:35.119 Actor:NODE_AddChildActorComponent-0_Block_BP_C_CAT_163 Component:rock BoneName:None (1 other events since notify)
[2018.02.15-10.43.13:493][617]LogCharacterMovement: RunCharacter_C_0 is stuck and failed to move! Velocity: X=5000.00 Y=0.00 Z=0.00 Location: X=168055.80 Y=452.95 Z=101.58 Normal: X=-0.21 Y=0.55 Z=-0.81 PenetrationDepth:16.149 Actor:NODE_AddChildActorComponent-0_Block_BP_C_CAT_192 Component:rock BoneName:None (0 other events since notify)
[2018.02.15-10.43.23:826][648]LogCharacterMovement: RunCharacter_C_0 is stuck and failed to move! Velocity: X=118.61 Y=-22.95 Z=0.00 Location: X=215881.70 Y=165.20 Z=101.15 Normal: X=-0.70 Y=-0.67 Z=-0.22 PenetrationDepth:6.049 Actor:NODE_AddChildActorComponent-0_Block_BP_C_CAT_278 Component:rock BoneName:None (2 other events since notify)
[2018.02.15-10.44.30:766][345]LogCharacterMovement: RunCharacter_C_0 is stuck and failed to move! Velocity: X=4688.22 Y=-354.71 Z=0.00 Location: X=254869.88 Y=105.70 Z=101.14 Normal: X=-0.95 Y=-0.01 Z=-0.31 PenetrationDepth:5.922 Actor:NODE_AddChildActorComponent-0_Block_BP_C_CAT_345 Component:rock BoneName:None (1 other events since notify)
[2018.02.15-10.45.37:219][328]LogCharacterMovement: RunCharacter_C_0 is stuck and failed to move! Velocity: X=2461.75 Y=697.44 Z=0.00 Location: X=285872.94 Y=-25.17 Z=101.35 Normal: X=-0.62 Y=0.43 Z=-0.65 PenetrationDepth:4.938 Actor:NODE_AddChildActorComponent-0_Block_BP_C_CAT_398 Component:rock BoneName:None (0 other events since notify)
[2018.02.15-10.47.59:374][866]LogFileHelpers: Editor autosave (incl. sublevels) for '/Game/AsteroidRush' took 0.029
[2018.02.15-10.47.59:376][866]OBJ SavePackage: Generating thumbnails for [1] asset(s) in package [/Game/Mannequin/Animations/ThirdPerson_AnimBP] ([1] browsable assets)...
[2018.02.15-10.47.59:507][866]OBJ SavePackage:     Rendered thumbnail for [AnimBlueprint /Game/Mannequin/Animations/ThirdPerson_AnimBP.ThirdPerson_AnimBP]
[2018.02.15-10.47.59:507][866]OBJ SavePackage: Finished generating thumbnails for package [/Game/Mannequin/Animations/ThirdPerson_AnimBP]
[2018.02.15-10.47.59:703][866]LogSavePackage: Save=175.07ms
[2018.02.15-10.47.59:703][866]LogSavePackage: Moving '../../../../Unreal Projects/AsteroidRush/Saved/ThirdPerson_AnimBP_Auto29F3124354F49E385A178C6A373ECD6D4.tmp' to '../../../../Unreal Projects/AsteroidRush/Saved/Autosaves/Game/Mannequin/Animations/ThirdPerson_AnimBP_Auto2.uasset'
[2018.02.15-10.47.59:704][866]LogSavePackage: Display: Finished SavePackage ../../../../Unreal Projects/AsteroidRush/Saved/Autosaves/Game/Mannequin/Animations/ThirdPerson_AnimBP_Auto2.uasset
[2018.02.15-10.47.59:704][866]LogFileHelpers: Auto-saving content packages took 0.329
[2018.02.15-12.22.09:137][104]BlueprintLog: New page: Compile ThirdPerson_AnimBP
[2018.02.15-12.22.09:169][104]LogBlueprint: Warning: [Compiler ThirdPerson_AnimBP] Idle/Run to crouch  will never be taken, please connect something to  Can Enter Transition
[2018.02.15-12.22.09:169][104]LogBlueprint: Warning: [Compiler ThirdPerson_AnimBP] crouch to Idle/Run  will never be taken, please connect something to  Can Enter Transition
[2018.02.15-12.22.09:389][104]LogBlueprint: Warning: [Compiler ThirdPerson_AnimBP] [7298.93] Compile of ThirdPerson_AnimBP successful, but with 2 Warning(s) [in 252 ms] (/Game/Mannequin/Animations/ThirdPerson_AnimBP.ThirdPerson_AnimBP)
[2018.02.15-12.22.34:984][601]LogFileHelpers: Editor autosave (incl. sublevels) for '/Game/AsteroidRush' took 0.027
[2018.02.15-12.22.34:986][601]OBJ SavePackage: Generating thumbnails for [1] asset(s) in package [/Game/Mannequin/Animations/ThirdPerson_AnimBP] ([1] browsable assets)...
[2018.02.15-12.22.35:013][601]OBJ SavePackage:     Rendered thumbnail for [AnimBlueprint /Game/Mannequin/Animations/ThirdPerson_AnimBP.ThirdPerson_AnimBP]
[2018.02.15-12.22.35:013][601]OBJ SavePackage: Finished generating thumbnails for package [/Game/Mannequin/Animations/ThirdPerson_AnimBP]
[2018.02.15-12.22.36:363][601]LogSavePackage: Save=319.08ms
[2018.02.15-12.22.36:363][601]LogSavePackage: Moving '../../../../Unreal Projects/AsteroidRush/Saved/ThirdPerson_AnimBP_Auto38FE1A4AD40BE79EAB67E85BCE38AB6B9.tmp' to '../../../../Unreal Projects/AsteroidRush/Saved/Autosaves/Game/Mannequin/Animations/ThirdPerson_AnimBP_Auto3.uasset'
[2018.02.15-12.22.36:364][601]LogSavePackage: Display: Finished SavePackage ../../../../Unreal Projects/AsteroidRush/Saved/Autosaves/Game/Mannequin/Animations/ThirdPerson_AnimBP_Auto3.uasset
[2018.02.15-12.22.36:364][601]LogFileHelpers: Auto-saving content packages took 1.380
[2018.02.15-12.23.36:658][130]LogEditorTransaction: Undo Create Pin Link
[2018.02.15-12.23.37:198][130]LogActorComponent: RegisterComponentWithWorld: (/Engine/Transient.World_0:PersistentLevel.Actor_0.DebugSkelMeshComponent_0) Already registered. Aborting.
[2018.02.15-12.23.37:403][130]LogActorComponent: RegisterComponentWithWorld: (/Engine/Transient.World_6:PersistentLevel.Actor_1.DebugSkelMeshComponent_2) Already registered. Aborting.
[2018.02.15-12.23.38:349][170]LogEditorTransaction: Undo Create Pin Link
[2018.02.15-12.23.38:615][170]LogActorComponent: RegisterComponentWithWorld: (/Engine/Transient.World_0:PersistentLevel.Actor_0.DebugSkelMeshComponent_0) Already registered. Aborting.
[2018.02.15-12.23.38:621][170]LogActorComponent: RegisterComponentWithWorld: (/Engine/Transient.World_6:PersistentLevel.Actor_1.DebugSkelMeshComponent_2) Already registered. Aborting.
[2018.02.15-12.23.39:047][187]LogActorComponent: RegisterComponentWithWorld: (/Engine/Transient.World_0:PersistentLevel.Actor_0.DebugSkelMeshComponent_0) Already registered. Aborting.
[2018.02.15-12.23.39:052][187]LogActorComponent: RegisterComponentWithWorld: (/Engine/Transient.World_6:PersistentLevel.Actor_1.DebugSkelMeshComponent_2) Already registered. Aborting.
[2018.02.15-12.23.39:479][211]LogActorComponent: RegisterComponentWithWorld: (/Engine/Transient.World_0:PersistentLevel.Actor_0.DebugSkelMeshComponent_0) Already registered. Aborting.
[2018.02.15-12.23.39:484][211]LogActorComponent: RegisterComponentWithWorld: (/Engine/Transient.World_6:PersistentLevel.Actor_1.DebugSkelMeshComponent_2) Already registered. Aborting.
[2018.02.15-12.23.40:393][264]LogActorComponent: RegisterComponentWithWorld: (/Engine/Transient.World_0:PersistentLevel.Actor_0.DebugSkelMeshComponent_0) Already registered. Aborting.
[2018.02.15-12.23.40:399][264]LogActorComponent: RegisterComponentWithWorld: (/Engine/Transient.World_6:PersistentLevel.Actor_1.DebugSkelMeshComponent_2) Already registered. Aborting.
[2018.02.15-12.23.45:073][531]LogActorComponent: RegisterComponentWithWorld: (/Engine/Transient.World_0:PersistentLevel.Actor_0.DebugSkelMeshComponent_0) Already registered. Aborting.
[2018.02.15-12.23.45:079][531]LogActorComponent: RegisterComponentWithWorld: (/Engine/Transient.World_6:PersistentLevel.Actor_1.DebugSkelMeshComponent_2) Already registered. Aborting.
[2018.02.15-12.23.45:316][539]LogActorComponent: RegisterComponentWithWorld: (/Engine/Transient.World_0:PersistentLevel.Actor_0.DebugSkelMeshComponent_0) Already registered. Aborting.
[2018.02.15-12.23.45:326][539]LogActorComponent: RegisterComponentWithWorld: (/Engine/Transient.World_6:PersistentLevel.Actor_1.DebugSkelMeshComponent_2) Already registered. Aborting.
[2018.02.15-12.23.45:504][548]LogActorComponent: RegisterComponentWithWorld: (/Engine/Transient.World_0:PersistentLevel.Actor_0.DebugSkelMeshComponent_0) Already registered. Aborting.
[2018.02.15-12.23.45:512][548]LogActorComponent: RegisterComponentWithWorld: (/Engine/Transient.World_6:PersistentLevel.Actor_1.DebugSkelMeshComponent_2) Already registered. Aborting.
[2018.02.15-12.23.45:659][555]LogActorComponent: RegisterComponentWithWorld: (/Engine/Transient.World_0:PersistentLevel.Actor_0.DebugSkelMeshComponent_0) Already registered. Aborting.
[2018.02.15-12.23.45:664][555]LogActorComponent: RegisterComponentWithWorld: (/Engine/Transient.World_6:PersistentLevel.Actor_1.DebugSkelMeshComponent_2) Already registered. Aborting.
[2018.02.15-12.23.45:841][564]LogActorComponent: RegisterComponentWithWorld: (/Engine/Transient.World_0:PersistentLevel.Actor_0.DebugSkelMeshComponent_0) Already registered. Aborting.
[2018.02.15-12.23.45:847][564]LogActorComponent: RegisterComponentWithWorld: (/Engine/Transient.World_6:PersistentLevel.Actor_1.DebugSkelMeshComponent_2) Already registered. Aborting.
[2018.02.15-12.23.55:347][748]Cmd: QUIT_EDITOR
[2018.02.15-12.23.55:527][748]LogWindowsTextInputMethodSystem: Display: IME system now deactivated.
[2018.02.15-12.23.55:558][748]LogExit: Preparing to exit.
[2018.02.15-12.23.56:802][748]LogDirectoryWatcher: A directory notification for 'D:/UNREAL Engine/Unreal Projects/AsteroidRush/Content/' was aborted.
[2018.02.15-12.23.56:946][748]LogExit: Editor shut down
[2018.02.15-12.23.56:983][748]LogExit: Transaction tracking system shut down
[2018.02.15-12.23.57:408][748]LogDirectoryWatcher: A directory notification for '../../../Engine/Content/' was aborted.
[2018.02.15-12.23.57:408][748]LogDirectoryWatcher: A directory notification for '../../../../Unreal Projects/AsteroidRush/Content/' was aborted.
[2018.02.15-12.23.57:408][748]LogDirectoryWatcher: A directory notification for '../../../Engine/Plugins/2D/Paper2D/Content/' was aborted.
[2018.02.15-12.23.57:408][748]LogDirectoryWatcher: A directory notification for '../../../Engine/Plugins/Runtime/Oculus/OculusVR/Content/' was aborted.
[2018.02.15-12.23.57:408][748]LogDirectoryWatcher: A directory notification for '../../../Engine/Plugins/Runtime/Steam/SteamVR/Content/' was aborted.
[2018.02.15-12.23.57:672][748]LogExit: Object subsystem successfully closed.
[2018.02.15-12.23.57:708][748]LogD3D11RHI: Shutdown
[2018.02.15-12.23.57:708][748]LogD3D11RHI: CleanupD3DDevice
[2018.02.15-12.23.57:873][748]LogD3D11RHI: ~FD3D11DynamicRHI
[2018.02.15-12.23.58:266][748]LogModuleManager: Shutting down and abandoning module StatsViewer (544)
[2018.02.15-12.23.58:266][748]LogModuleManager: Shutting down and abandoning module MovieSceneCapture (542)
[2018.02.15-12.23.58:279][748]LogModuleManager: Shutting down and abandoning module BlueprintGraph (540)
[2018.02.15-12.23.58:279][748]LogModuleManager: Shutting down and abandoning module BlueprintProfiler (538)
[2018.02.15-12.23.58:382][748]LogModuleManager: Shutting down and abandoning module AnimationBlueprintEditor (536)
[2018.02.15-12.23.58:382][748]LogModuleManager: Shutting down and abandoning module ClothingSystemEditorInterface (534)
[2018.02.15-12.23.58:382][748]LogModuleManager: Shutting down and abandoning module SkeletonEditor (532)
[2018.02.15-12.23.58:389][748]LogModuleManager: Shutting down and abandoning module AnimationEditor (530)
[2018.02.15-12.23.58:389][748]LogModuleManager: Shutting down and abandoning module HierarchicalLODOutliner (528)
[2018.02.15-12.23.58:389][748]LogModuleManager: Shutting down and abandoning module SceneOutliner (526)
[2018.02.15-12.23.58:396][748]LogModuleManager: Shutting down and abandoning module AddContentDialog (524)
[2018.02.15-12.23.58:405][748]LogDirectoryWatcher: A directory notification for 'D:/UNREAL Engine/UE_4.17/FeaturePacks/' was aborted.
[2018.02.15-12.23.58:413][748]LogModuleManager: Shutting down and abandoning module WidgetCarousel (523)
[2018.02.15-12.23.58:413][748]LogModuleManager: Shutting down and abandoning module EditorWidgets (520)
[2018.02.15-12.23.58:413][748]LogModuleManager: Shutting down and abandoning module CollectionManager (518)
[2018.02.15-12.23.58:413][748]LogDirectoryWatcher: A directory notification for 'D:/UNREAL Engine/Unreal Projects/AsteroidRush/Content/Collections/' was aborted.
[2018.02.15-12.23.58:413][748]LogDirectoryWatcher: A directory notification for 'D:/UNREAL Engine/Unreal Projects/AsteroidRush/Content/Developers/SAMARTH/Collections/' was aborted.
[2018.02.15-12.23.58:413][748]LogDirectoryWatcher: A directory notification for 'D:/UNREAL Engine/Unreal Projects/AsteroidRush/Saved/Collections/' was aborted.
[2018.02.15-12.23.58:413][748]LogModuleManager: Shutting down and abandoning module FoliageEdit (516)
[2018.02.15-12.23.58:413][748]LogModuleManager: Shutting down and abandoning module LandscapeEditor (514)
[2018.02.15-12.23.58:413][748]LogModuleManager: Shutting down and abandoning module MeshPaintMode (512)
[2018.02.15-12.23.58:413][748]LogModuleManager: Shutting down and abandoning module SceneDepthPickerMode (510)
[2018.02.15-12.23.58:413][748]LogModuleManager: Shutting down and abandoning module ActorPickerMode (508)
[2018.02.15-12.23.58:413][748]LogModuleManager: Shutting down and abandoning module GeometryMode (506)
[2018.02.15-12.23.58:413][748]LogModuleManager: Shutting down and abandoning module TextureAlignMode (504)
[2018.02.15-12.23.58:413][748]LogModuleManager: Shutting down and abandoning module BspMode (502)
[2018.02.15-12.23.58:413][748]LogModuleManager: Shutting down and abandoning module PIEPreviewDeviceProfileSelector (500)
[2018.02.15-12.23.58:413][748]LogModuleManager: Shutting down and abandoning module HardwareSurvey (498)
[2018.02.15-12.23.58:413][748]LogModuleManager: Shutting down and abandoning module SequenceRecorderSections (496)
[2018.02.15-12.23.58:436][748]LogModuleManager: Shutting down and abandoning module AutomationWorker (494)
[2018.02.15-12.23.58:436][748]LogModuleManager: Shutting down and abandoning module MatineeToLevelSequence (492)
[2018.02.15-12.23.58:436][748]LogModuleManager: Shutting down and abandoning module LevelSequenceEditor (490)
[2018.02.15-12.23.58:436][748]LogModuleManager: Shutting down and abandoning module PlacementMode (489)
[2018.02.15-12.23.58:436][748]LogModuleManager: Shutting down and abandoning module WmfMediaFactory (486)
[2018.02.15-12.23.58:436][748]LogModuleManager: Shutting down and abandoning module WmfMediaEditor (484)
[2018.02.15-12.23.58:436][748]LogModuleManager: Shutting down and abandoning module AvfMediaFactory (482)
[2018.02.15-12.23.58:436][748]LogModuleManager: Shutting down and abandoning module AvfMediaEditor (480)
[2018.02.15-12.23.58:436][748]LogModuleManager: Shutting down and abandoning module AndroidMediaFactory (478)
[2018.02.15-12.23.58:436][748]LogModuleManager: Shutting down and abandoning module Media (477)
[2018.02.15-12.23.58:436][748]LogModuleManager: Shutting down and abandoning module AndroidMediaEditor (474)
[2018.02.15-12.23.58:436][748]LogModuleManager: Shutting down and abandoning module CharacterAI (472)
[2018.02.15-12.23.58:436][748]LogModuleManager: Shutting down and abandoning module AudioCapture (470)
[2018.02.15-12.23.58:436][748]LogModuleManager: Shutting down and abandoning module SequenceRecorder (469)
[2018.02.15-12.23.58:436][748]LogModuleManager: Shutting down and abandoning module SmartSnapping (466)
[2018.02.15-12.23.58:437][748]LogModuleManager: Shutting down and abandoning module SessionServices (464)
[2018.02.15-12.23.58:437][748]LogModuleManager: Shutting down and abandoning module ViewportSnapping (462)
[2018.02.15-12.23.58:437][748]LogModuleManager: Shutting down and abandoning module ViewportInteraction (460)
[2018.02.15-12.23.58:437][748]LogModuleManager: Shutting down and abandoning module ClothPainter (458)
[2018.02.15-12.23.58:437][748]LogModuleManager: Shutting down and abandoning module LogVisualizer (456)
[2018.02.15-12.23.58:437][748]LogModuleManager: Shutting down and abandoning module IntroTutorials (454)
[2018.02.15-12.23.58:437][748]LogModuleManager: Shutting down and abandoning module GameProjectGeneration (453)
[2018.02.15-12.23.58:437][748]LogModuleManager: Shutting down and abandoning module IOSPlatformEditor (450)
[2018.02.15-12.23.58:485][748]LogModuleManager: Shutting down and abandoning module HTML5PlatformEditor (448)
[2018.02.15-12.23.58:485][748]LogModuleManager: Shutting down and abandoning module AndroidPlatformEditor (446)
[2018.02.15-12.23.58:485][748]LogModuleManager: Shutting down and abandoning module AndroidDeviceDetection (445)
[2018.02.15-12.23.58:664][748]LogModuleManager: Shutting down and abandoning module WindowsPlatformEditor (442)
[2018.02.15-12.23.58:665][748]LogModuleManager: Shutting down and abandoning module IOSRuntimeSettings (440)
[2018.02.15-12.23.58:665][748]LogModuleManager: Shutting down and abandoning module AndroidRuntimeSettings (438)
[2018.02.15-12.23.58:665][748]LogModuleManager: Shutting down and abandoning module InputBindingEditor (436)
[2018.02.15-12.23.58:665][748]LogModuleManager: Shutting down and abandoning module MergeActors (434)
[2018.02.15-12.23.58:665][748]LogModuleManager: Shutting down and abandoning module SizeMap (432)
[2018.02.15-12.23.58:665][748]LogModuleManager: Shutting down and abandoning module TreeMap (430)
[2018.02.15-12.23.59:152][748]LogModuleManager: Shutting down and abandoning module ReferenceViewer (428)
[2018.02.15-12.23.59:152][748]LogModuleManager: Shutting down and abandoning module LocalizationDashboard (426)
[2018.02.15-12.23.59:152][748]LogModuleManager: Shutting down and abandoning module LocalizationService (425)
[2018.02.15-12.23.59:152][748]LogModuleManager: Shutting down and abandoning module HardwareTargeting (422)
[2018.02.15-12.23.59:153][748]LogModuleManager: Shutting down and abandoning module DeviceProfileEditor (420)
[2018.02.15-12.23.59:153][748]LogModuleManager: Shutting down and abandoning module UndoHistory (418)
[2018.02.15-12.23.59:153][748]LogModuleManager: Shutting down and abandoning module XmlParser (416)
[2018.02.15-12.23.59:160][748]LogModuleManager: Shutting down and abandoning module Blutility (414)
[2018.02.15-12.23.59:160][748]LogModuleManager: Shutting down and abandoning module ProjectSettingsViewer (412)
[2018.02.15-12.23.59:161][748]LogModuleManager: Shutting down and abandoning module ProjectTargetPlatformEditor (411)
[2018.02.15-12.23.59:162][748]LogModuleManager: Shutting down and abandoning module EditorSettingsViewer (408)
[2018.02.15-12.23.59:162][748]LogModuleManager: Shutting down and abandoning module SettingsEditor (406)
[2018.02.15-12.23.59:174][748]LogModuleManager: Shutting down and abandoning module ProjectLauncher (404)
[2018.02.15-12.23.59:185][748]LogModuleManager: Shutting down and abandoning module SessionFrontend (402)
[2018.02.15-12.23.59:192][748]LogModuleManager: Shutting down and abandoning module ProfilerClient (400)
[2018.02.15-12.23.59:205][748]LogModuleManager: Shutting down and abandoning module DeviceManager (398)
[2018.02.15-12.23.59:205][748]LogModuleManager: Shutting down and abandoning module TargetDeviceServices (397)
[2018.02.15-12.23.59:262][748]LogModuleManager: Shutting down and abandoning module AutomationController (394)
[2018.02.15-12.23.59:262][748]LogModuleManager: Shutting down and abandoning module AutomationWindow (392)
[2018.02.15-12.23.59:262][748]LogModuleManager: Shutting down and abandoning module Layers (390)
[2018.02.15-12.23.59:262][748]LogModuleManager: Shutting down and abandoning module ComponentVisualizers (388)
[2018.02.15-12.23.59:262][748]LogModuleManager: Shutting down and abandoning module DetailCustomizations (386)
[2018.02.15-12.23.59:263][748]LogModuleManager: Shutting down and abandoning module PackagesDialog (384)
[2018.02.15-12.23.59:263][748]LogModuleManager: Shutting down and abandoning module Persona (382)
[2018.02.15-12.23.59:264][748]LogModuleManager: Shutting down and abandoning module AdvancedPreviewScene (381)
[2018.02.15-12.23.59:264][748]LogModuleManager: Shutting down and abandoning module AnimGraph (379)
[2018.02.15-12.23.59:264][748]LogModuleManager: Shutting down and abandoning module Kismet (376)
[2018.02.15-12.23.59:279][748]LogModuleManager: Shutting down and abandoning module ClassViewer (374)
[2018.02.15-12.23.59:280][748]LogModuleManager: Shutting down and abandoning module Toolbox (372)
[2018.02.15-12.23.59:280][748]LogModuleManager: Shutting down and abandoning module ModuleUI (370)
[2018.02.15-12.23.59:280][748]LogModuleManager: Shutting down and abandoning module MovieSceneTools (368)
[2018.02.15-12.23.59:280][748]LogModuleManager: Shutting down and abandoning module OutputLog (366)
[2018.02.15-12.23.59:280][748]LogModuleManager: Shutting down and abandoning module GammaUI (364)
[2018.02.15-12.23.59:280][748]LogModuleManager: Shutting down and abandoning module Documentation (362)
[2018.02.15-12.23.59:280][748]LogModuleManager: Shutting down and abandoning module MovieSceneTracks (360)
[2018.02.15-12.23.59:280][748]LogModuleManager: Shutting down and abandoning module MovieScene (358)
[2018.02.15-12.23.59:280][748]LogModuleManager: Shutting down and abandoning module Niagara (356)
[2018.02.15-12.23.59:280][748]LogModuleManager: Shutting down and abandoning module NiagaraEditor (355)
[2018.02.15-12.23.59:281][748]LogModuleManager: Shutting down and abandoning module StreamingPauseRendering (352)
[2018.02.15-12.23.59:281][748]LogModuleManager: Shutting down and abandoning module LauncherPlatform (350)
[2018.02.15-12.23.59:281][748]LogModuleManager: Shutting down and abandoning module AnalyticsET (348)
[2018.02.15-12.23.59:281][748]LogModuleManager: Shutting down and abandoning module PortalServices (346)
[2018.02.15-12.23.59:281][748]LogModuleManager: Shutting down and abandoning module PortalRpc (344)
[2018.02.15-12.23.59:281][748]LogModuleManager: Shutting down and abandoning module MessagingRpc (342)
[2018.02.15-12.23.59:281][748]LogModuleManager: Shutting down and abandoning module AIModule (340)
[2018.02.15-12.23.59:281][748]LogModuleManager: Shutting down and abandoning module GameplayDebugger (339)
[2018.02.15-12.23.59:281][748]LogModuleManager: Shutting down and abandoning module AITestSuite (337)
[2018.02.15-12.23.59:281][748]LogModuleManager: Shutting down and abandoning module ProfilerService (334)
[2018.02.15-12.23.59:404][748]LogModuleManager: Shutting down and abandoning module TaskGraph (332)
[2018.02.15-12.24.00:292][748]LogModuleManager: Shutting down and abandoning module SteamVRController (330)
[2018.02.15-12.24.00:292][748]LogModuleManager: Shutting down and abandoning module ProceduralMeshComponentEditor (328)
[2018.02.15-12.24.00:292][748]LogModuleManager: Shutting down and abandoning module ProceduralMeshComponent (326)
[2018.02.15-12.24.00:293][748]LogModuleManager: Shutting down and abandoning module OculusInput (324)
[2018.02.15-12.24.00:293][748]LogModuleManager: Shutting down and abandoning module MobilePatchingUtils (322)
[2018.02.15-12.24.00:293][748]LogModuleManager: Shutting down and abandoning module CustomMeshComponent (320)
[2018.02.15-12.24.00:293][748]LogModuleManager: Shutting down and abandoning module CableComponent (318)
[2018.02.15-12.24.00:293][748]LogModuleManager: Shutting down and abandoning module ArchVisCharacter (316)
[2018.02.15-12.24.00:293][748]LogModuleManager: Shutting down and abandoning module AndroidPermission (314)
[2018.02.15-12.24.00:293][748]LogModuleManager: Shutting down and abandoning module MediaPlayerEditor (310)
[2018.02.15-12.24.00:294][748]LogModuleManager: Shutting down and abandoning module HTML5Networking (308)
[2018.02.15-12.24.00:294][748]LogModuleManager: Shutting down and abandoning module AlembicImporter (306)
[2018.02.15-12.24.00:294][748]LogModuleManager: Shutting down and abandoning module AlembicLibrary (305)
[2018.02.15-12.24.00:294][748]LogModuleManager: Shutting down and abandoning module GeometryCache (304)
[2018.02.15-12.24.00:294][748]LogModuleManager: Shutting down and abandoning module GeometryCacheEd (303)
[2018.02.15-12.24.00:294][748]LogModuleManager: Shutting down and abandoning module SpeedTreeImporter (298)
[2018.02.15-12.24.00:294][748]LogModuleManager: Shutting down and abandoning module PluginBrowser (296)
[2018.02.15-12.24.00:294][748]LogModuleManager: Shutting down and abandoning module MobileLauncherProfileWizard (294)
[2018.02.15-12.24.00:295][748]LogModuleManager: Shutting down and abandoning module VisualStudioSourceCodeAccess (292)
[2018.02.15-12.24.00:295][748]LogModuleManager: Shutting down and abandoning module DesktopPlatform (291)
[2018.02.15-12.24.00:295][748]LogModuleManager: Shutting down and abandoning module UObjectPlugin (288)
[2018.02.15-12.24.00:295][748]LogModuleManager: Shutting down and abandoning module SubversionSourceControl (286)
[2018.02.15-12.24.00:295][748]LogModuleManager: Shutting down and abandoning module PerforceSourceControl (284)
[2018.02.15-12.24.00:296][748]LogModuleManager: Shutting down and abandoning module GitSourceControl (282)
[2018.02.15-12.24.00:296][748]LogModuleManager: Shutting down and abandoning module SourceControl (281)
[2018.02.15-12.24.00:296][748]LogModuleManager: Shutting down and abandoning module LightPropagationVolumeEditor (278)
[2018.02.15-12.24.00:297][748]LogModuleManager: Shutting down and abandoning module PaperTiledImporter (276)
[2018.02.15-12.24.00:297][748]LogModuleManager: Shutting down and abandoning module PaperSpriteSheetImporter (274)
[2018.02.15-12.24.00:297][748]LogModuleManager: Shutting down and abandoning module Paper2DEditor (272)
[2018.02.15-12.24.00:297][748]LogModuleManager: Shutting down and abandoning module MeshPaint (271)
[2018.02.15-12.24.00:297][748]LogModuleManager: Shutting down and abandoning module LevelEditor (269)
[2018.02.15-12.24.00:302][748]LogModuleManager: Shutting down and abandoning module PixelInspectorModule (268)
[2018.02.15-12.24.00:302][748]LogModuleManager: Shutting down and abandoning module MainFrame (266)
[2018.02.15-12.24.00:303][748]LogModuleManager: Shutting down and abandoning module HotReload (265)
[2018.02.15-12.24.00:305][748]LogModuleManager: Shutting down and abandoning module RuntimePhysXCooking (260)
[2018.02.15-12.24.00:305][748]LogModuleManager: Shutting down and abandoning module PhysXVehiclesEditor (258)
[2018.02.15-12.24.00:305][748]LogModuleManager: Shutting down and abandoning module PhysXVehicles (256)
[2018.02.15-12.24.00:305][748]LogModuleManager: Shutting down and abandoning module OculusEditor (254)
[2018.02.15-12.24.00:306][748]LogModuleManager: Shutting down and abandoning module LocationServicesBPLibrary (252)
[2018.02.15-12.24.00:306][748]LogModuleManager: Shutting down and abandoning module ImmediatePhysicsEditor (250)
[2018.02.15-12.24.00:306][748]LogModuleManager: Shutting down and abandoning module ImmediatePhysics (248)
[2018.02.15-12.24.00:306][748]LogModuleManager: Shutting down and abandoning module UdpMessaging (246)
[2018.02.15-12.24.00:407][748]LogModuleManager: Shutting down and abandoning module TcpMessaging (244)
[2018.02.15-12.24.00:508][748]LogModuleManager: Shutting down and abandoning module GameplayTagsEditor (242)
[2018.02.15-12.24.00:508][748]LogModuleManager: Shutting down and abandoning module FacialAnimationEditor (240)
[2018.02.15-12.24.00:508][748]LogModuleManager: Shutting down and abandoning module FacialAnimation (238)
[2018.02.15-12.24.00:508][748]LogModuleManager: Shutting down and abandoning module AssetManagerEditor (236)
[2018.02.15-12.24.00:508][748]LogModuleManager: Shutting down and abandoning module GraphEditor (235)
[2018.02.15-12.24.00:508][748]LogModuleManager: Shutting down and abandoning module ContentBrowser (233)
[2018.02.15-12.24.00:512][748]LogModuleManager: Shutting down and abandoning module LightPropagationVolumeRuntime (230)
[2018.02.15-12.24.00:512][748]LogModuleManager: Shutting down and abandoning module Paper2D (228)
[2018.02.15-12.24.00:513][748]LogModuleManager: Shutting down and abandoning module WindowsMoviePlayer (226)
[2018.02.15-12.24.00:513][748]LogModuleManager: Shutting down and abandoning module WmfMedia (224)
[2018.02.15-12.24.00:517][748]LogModuleManager: Shutting down and abandoning module PacketHandler (222)
[2018.02.15-12.24.00:517][748]LogModuleManager: Shutting down and abandoning module ClothingSystemEditor (220)
[2018.02.15-12.24.00:517][748]LogModuleManager: Shutting down and abandoning module ClothingSystemRuntime (218)
[2018.02.15-12.24.00:517][748]LogModuleManager: Shutting down and abandoning module Overlay (216)
[2018.02.15-12.24.00:517][748]LogModuleManager: Shutting down and abandoning module OverlayEditor (215)
[2018.02.15-12.24.00:517][748]LogModuleManager: Shutting down and abandoning module MediaAssets (212)
[2018.02.15-12.24.00:517][748]LogModuleManager: Shutting down and abandoning module VREditor (210)
[2018.02.15-12.24.00:892][748]LogModuleManager: Shutting down and abandoning module StringTableEditor (208)
[2018.02.15-12.24.01:757][748]LogModuleManager: Shutting down and abandoning module GameplayTasksEditor (206)
[2018.02.15-12.24.01:757][748]LogModuleManager: Shutting down and abandoning module BehaviorTreeEditor (204)
[2018.02.15-12.24.01:757][748]LogModuleManager: Shutting down and abandoning module FunctionalTesting (202)
[2018.02.15-12.24.01:757][748]LogModuleManager: Shutting down and abandoning module CollisionAnalyzer (200)
[2018.02.15-12.24.01:758][748]LogModuleManager: Shutting down and abandoning module WorkspaceMenuStructure (199)
[2018.02.15-12.24.01:758][748]LogModuleManager: Shutting down and abandoning module UMG (196)
[2018.02.15-12.24.01:758][748]LogModuleManager: Shutting down and abandoning module UMGEditor (195)
[2018.02.15-12.24.01:758][748]LogModuleManager: Shutting down and abandoning module Sequencer (194)
[2018.02.15-12.24.01:759][748]LogModuleManager: Shutting down and abandoning module MessageLog (191)
[2018.02.15-12.24.01:759][748]LogModuleManager: Shutting down and abandoning module SlateReflector (186)
[2018.02.15-12.24.03:575][748]LogModuleManager: Shutting down and abandoning module Slate (184)
[2018.02.15-12.24.03:575][748]LogModuleManager: Shutting down and abandoning module EditorStyle (182)
[2018.02.15-12.24.03:586][748]LogModuleManager: Shutting down and abandoning module MRMesh (180)
[2018.02.15-12.24.03:587][748]LogModuleManager: Shutting down and abandoning module SourceCodeAccess (178)
[2018.02.15-12.24.03:587][748]LogModuleManager: Shutting down and abandoning module HeadMountedDisplay (176)
[2018.02.15-12.24.03:587][748]LogModuleManager: Shutting down and abandoning module XAudio2 (174)
[2018.02.15-12.24.03:587][748]LogModuleManager: Shutting down and abandoning module Networking (172)
[2018.02.15-12.24.03:587][748]LogModuleManager: Shutting down and abandoning module Core (168)
[2018.02.15-12.24.03:587][748]LogModuleManager: Shutting down and abandoning module KismetCompiler (164)
[2018.02.15-12.24.03:587][748]LogModuleManager: Shutting down and abandoning module LevelSequence (162)
[2018.02.15-12.24.03:587][748]LogModuleManager: Shutting down and abandoning module MeshUtilities (160)
[2018.02.15-12.24.03:587][748]LogModuleManager: Shutting down and abandoning module MeshMergeUtilities (159)
[2018.02.15-12.24.03:588][748]LogModuleManager: Shutting down and abandoning module MeshReductionInterface (158)
[2018.02.15-12.24.03:588][748]LogModuleManager: Shutting down and abandoning module SimplygonSwarm (157)
[2018.02.15-12.24.03:665][748]LogModuleManager: Shutting down and abandoning module SimplygonMeshReduction (155)
[2018.02.15-12.24.03:665][748]LogModuleManager: Shutting down and abandoning module QuadricMeshReduction (153)
[2018.02.15-12.24.03:705][748]LogModuleManager: Shutting down and abandoning module MaterialBaking (149)
[2018.02.15-12.24.03:705][748]LogModuleManager: Shutting down and abandoning module DirectoryWatcher (146)
[2018.02.15-12.24.03:733][748]LogModuleManager: Shutting down and abandoning module DerivedDataCache (144)
[2018.02.15-12.24.03:781][748]LogDerivedDataCache: Shutdown
[2018.02.15-12.24.03:781][748]LogModuleManager: Shutting down and abandoning module TargetPlatform (142)
[2018.02.15-12.24.03:782][748]LogModuleManager: Shutting down and abandoning module VulkanShaderFormat (141)
[2018.02.15-12.24.03:782][748]LogModuleManager: Shutting down and abandoning module ShaderFormatVectorVM (139)
[2018.02.15-12.24.03:782][748]LogModuleManager: Shutting down and abandoning module ShaderFormatOpenGL (137)
[2018.02.15-12.24.03:782][748]LogModuleManager: Shutting down and abandoning module ShaderFormatD3D (135)
[2018.02.15-12.24.03:782][748]LogModuleManager: Shutting down and abandoning module MetalShaderFormat (133)
[2018.02.15-12.24.03:783][748]LogModuleManager: Shutting down and abandoning module TextureFormatUncompressed (131)
[2018.02.15-12.24.03:783][748]LogModuleManager: Shutting down and abandoning module TextureFormatPVR (129)
[2018.02.15-12.24.03:783][748]LogModuleManager: Shutting down and abandoning module TextureFormatDXT (127)
[2018.02.15-12.24.03:783][748]LogModuleManager: Shutting down and abandoning module TextureFormatIntelISPCTexComp (125)
[2018.02.15-12.24.03:784][748]LogModuleManager: Shutting down and abandoning module TextureFormatASTC (123)
[2018.02.15-12.24.03:784][748]LogModuleManager: Shutting down and abandoning module ImageWrapper (122)
[2018.02.15-12.24.03:784][748]LogModuleManager: Shutting down and abandoning module TextureFormatAndroid (119)
[2018.02.15-12.24.03:784][748]LogModuleManager: Shutting down and abandoning module AudioFormatOpus (117)
[2018.02.15-12.24.03:784][748]LogModuleManager: Shutting down and abandoning module AudioFormatOgg (115)
[2018.02.15-12.24.03:784][748]LogModuleManager: Shutting down and abandoning module AudioFormatADPCM (113)
[2018.02.15-12.24.03:784][748]LogModuleManager: Shutting down and abandoning module LinuxTargetPlatform (111)
[2018.02.15-12.24.03:785][748]LogModuleManager: Shutting down and abandoning module LinuxServerTargetPlatform (109)
[2018.02.15-12.24.03:785][748]LogModuleManager: Shutting down and abandoning module LinuxNoEditorTargetPlatform (107)
[2018.02.15-12.24.03:785][748]LogModuleManager: Shutting down and abandoning module LinuxClientTargetPlatform (105)
[2018.02.15-12.24.03:785][748]LogModuleManager: Shutting down and abandoning module TVOSTargetPlatform (103)
[2018.02.15-12.24.03:785][748]LogModuleManager: Shutting down and abandoning module Messaging (101)
[2018.02.15-12.24.03:785][748]LogModuleManager: Shutting down and abandoning module IOSTargetPlatform (99)
[2018.02.15-12.24.03:786][748]LogModuleManager: Shutting down and abandoning module HTML5TargetPlatform (97)
[2018.02.15-12.24.03:786][748]LogModuleManager: Shutting down and abandoning module Android_PVRTCTargetPlatform (95)
[2018.02.15-12.24.03:786][748]LogModuleManager: Shutting down and abandoning module Android_MultiTargetPlatform (93)
[2018.02.15-12.24.03:786][748]LogModuleManager: Shutting down and abandoning module Android_ETC2TargetPlatform (91)
[2018.02.15-12.24.03:787][748]LogModuleManager: Shutting down and abandoning module Android_ETC1TargetPlatform (89)
[2018.02.15-12.24.03:787][748]LogModuleManager: Shutting down and abandoning module Android_DXTTargetPlatform (87)
[2018.02.15-12.24.03:787][748]LogModuleManager: Shutting down and abandoning module Android_ATCTargetPlatform (85)
[2018.02.15-12.24.03:787][748]LogModuleManager: Shutting down and abandoning module Android_ASTCTargetPlatform (83)
[2018.02.15-12.24.03:787][748]LogModuleManager: Shutting down and abandoning module AndroidTargetPlatform (81)
[2018.02.15-12.24.03:787][748]LogModuleManager: Shutting down and abandoning module WindowsTargetPlatform (79)
[2018.02.15-12.24.03:787][748]LogModuleManager: Shutting down and abandoning module WindowsServerTargetPlatform (77)
[2018.02.15-12.24.03:787][748]LogModuleManager: Shutting down and abandoning module WindowsNoEditorTargetPlatform (75)
[2018.02.15-12.24.03:788][748]LogModuleManager: Shutting down and abandoning module WindowsClientTargetPlatform (73)
[2018.02.15-12.24.03:788][748]LogModuleManager: Shutting down and abandoning module MacTargetPlatform (71)
[2018.02.15-12.24.03:788][748]LogModuleManager: Shutting down and abandoning module MacServerTargetPlatform (69)
[2018.02.15-12.24.03:788][748]LogModuleManager: Shutting down and abandoning module MacNoEditorTargetPlatform (67)
[2018.02.15-12.24.03:788][748]LogModuleManager: Shutting down and abandoning module MacClientTargetPlatform (65)
[2018.02.15-12.24.03:789][748]LogModuleManager: Shutting down and abandoning module AllDesktopTargetPlatform (63)
[2018.02.15-12.24.03:789][748]LogModuleManager: Shutting down and abandoning module InputCore (60)
[2018.02.15-12.24.03:789][748]LogModuleManager: Shutting down and abandoning module Settings (58)
[2018.02.15-12.24.03:790][748]LogModuleManager: Shutting down and abandoning module PhysXCooking (56)
[2018.02.15-12.24.03:790][748]LogModuleManager: Shutting down and abandoning module SteamVR (54)
[2018.02.15-12.24.03:790][748]LogModuleManager: Shutting down and abandoning module OculusHMD (52)
[2018.02.15-12.24.03:790][748]LogModuleManager: Shutting down and abandoning module ExampleDeviceProfileSelector (50)
[2018.02.15-12.24.03:790][748]LogModuleManager: Shutting down and abandoning module OnlineBlueprintSupport (48)
[2018.02.15-12.24.03:790][748]LogModuleManager: Shutting down and abandoning module OnlineSubsystem (44)
[2018.02.15-12.24.03:790][748]LogOnline: Display: Unloading online subsystem: NULL
[2018.02.15-12.24.03:791][748]LogModuleManager: Shutting down and abandoning module XMPP (43)
[2018.02.15-12.24.03:791][748]LogModuleManager: Shutting down and abandoning module HTTP (41)
[2018.02.15-12.24.03:791][748]LogHttp: Display: Http module shutting down, but needs to wait on 1 outstanding Http requests:
[2018.02.15-12.24.03:791][748]LogHttp: Display: 	verb=[POST] url=[https://datarouter.ol.epicgames.com/datarouter/api/v1/public/data?SessionID=%7B7D031F7A-447E-C56E-6EB5-008917859FF9%7D&AppID=UEEditor.Rocket.Release&AppVersion=4.17.2-3658906%2B%2B%2BUE4%2BRelease-4.17&UserID=aa51c2284cc2dc2535ce119687f021f7%7Ca45c8892c45d4db09638b64b56c801bc%7Cced1e20c-2524-44df-bee4-87df68cdb2a3&AppEnvironment=datacollector-binary&UploadType=eteventstream] status=Processing
[2018.02.15-12.24.03:801][748]LogModuleManager: Shutting down and abandoning module SSL (40)
[2018.02.15-12.24.03:807][748]LogModuleManager: Shutting down and abandoning module AnimationModifiers (36)
[2018.02.15-12.24.04:656][748]LogModuleManager: Shutting down and abandoning module PropertyEditor (35)
[2018.02.15-12.24.04:656][748]LogModuleManager: Shutting down and abandoning module AudioEditor (32)
[2018.02.15-12.24.04:656][748]LogModuleManager: Shutting down and abandoning module TextureCompressor (30)
[2018.02.15-12.24.04:656][748]LogModuleManager: Shutting down and abandoning module ShaderCore (28)
[2018.02.15-12.24.04:656][748]LogModuleManager: Shutting down and abandoning module Landscape (26)
[2018.02.15-12.24.04:656][748]LogModuleManager: Shutting down and abandoning module SlateRHIRenderer (24)
[2018.02.15-12.24.04:665][748]LogModuleManager: Shutting down and abandoning module OpenGLDrv (22)
[2018.02.15-12.24.04:666][748]LogModuleManager: Shutting down and abandoning module D3D11RHI (20)
[2018.02.15-12.24.04:666][748]LogModuleManager: Shutting down and abandoning module AnimGraphRuntime (18)
[2018.02.15-12.24.04:666][748]LogModuleManager: Shutting down and abandoning module Renderer (16)
[2018.02.15-12.24.04:666][748]LogModuleManager: Shutting down and abandoning module Engine (14)
[2018.02.15-12.24.04:666][748]LogModuleManager: Shutting down and abandoning module CoreUObject (12)
[2018.02.15-12.24.04:666][748]LogModuleManager: Shutting down and abandoning module NetworkFile (10)
[2018.02.15-12.24.04:666][748]LogModuleManager: Shutting down and abandoning module CookedIterativeFile (8)
[2018.02.15-12.24.04:666][748]LogModuleManager: Shutting down and abandoning module StreamingFile (6)
[2018.02.15-12.24.04:666][748]LogModuleManager: Shutting down and abandoning module SandboxFile (4)
[2018.02.15-12.24.04:666][748]LogModuleManager: Shutting down and abandoning module PakFile (2)
[2018.02.15-12.24.04:670][748]LogExit: Exiting.
[2018.02.15-12.24.04:706][748]Log file closed, 02/15/18 17:54:04
